1734761691.929920 client started (36640): version 3.5a, socket /run/user/1000/tmux-1000/default, protocol 8
1734761691.929950 on Linux 6.6.63 #1-NixOS SMP PREEMPT_DYNAMIC Fri Nov 22 14:38:37 UTC 2024
1734761691.929952 using libevent 2.1.12-stable poll
1734761691.929957 using utf8proc 2.9.0
1734761691.929958 using ncurses 6.4 20221231
1734761691.929966 flags are 0x10010000
1734761691.929975 socket is /run/user/1000/tmux-1000/default
1734761691.929982 trying connect
1734761691.930021 add peer 0x3a07fa00: 6 ((nil))
1734761691.930198 sending message 111 to peer 0x3a07fa00 (8 bytes)
1734761691.930202 sending message 111 to peer 0x3a07fa00 (8 bytes)
1734761691.930203 sending message 101 to peer 0x3a07fa00 (10 bytes)
1734761691.930205 sending message 109 to peer 0x3a07fa00 (4 bytes)
1734761691.930207 sending message 102 to peer 0x3a07fa00 (11 bytes)
1734761691.930208 sending message 108 to peer 0x3a07fa00 (35 bytes)
1734761691.930210 sending message 112 to peer 0x3a07fa00 (58 bytes)
1734761691.930211 sending message 112 to peer 0x3a07fa00 (5 bytes)
1734761691.930213 sending message 112 to peer 0x3a07fa00 (5 bytes)
1734761691.930214 sending message 112 to peer 0x3a07fa00 (6 bytes)
1734761691.930216 sending message 112 to peer 0x3a07fa00 (6 bytes)
1734761691.930218 sending message 112 to peer 0x3a07fa00 (10 bytes)
1734761691.930219 sending message 112 to peer 0x3a07fa00 (13 bytes)
1734761691.930221 sending message 112 to peer 0x3a07fa00 (14 bytes)
1734761691.930222 sending message 112 to peer 0x3a07fa00 (19 bytes)
1734761691.930224 sending message 112 to peer 0x3a07fa00 (11 bytes)
1734761691.930225 sending message 112 to peer 0x3a07fa00 (10 bytes)
1734761691.930227 sending message 112 to peer 0x3a07fa00 (15 bytes)
1734761691.930229 sending message 112 to peer 0x3a07fa00 (21 bytes)
1734761691.930230 sending message 112 to peer 0x3a07fa00 (13 bytes)
1734761691.930232 sending message 112 to peer 0x3a07fa00 (7 bytes)
1734761691.930233 sending message 112 to peer 0x3a07fa00 (13 bytes)
1734761691.930235 sending message 112 to peer 0x3a07fa00 (7 bytes)
1734761691.930236 sending message 112 to peer 0x3a07fa00 (13 bytes)
1734761691.930238 sending message 112 to peer 0x3a07fa00 (9 bytes)
1734761691.930239 sending message 112 to peer 0x3a07fa00 (21 bytes)
1734761691.930241 sending message 112 to peer 0x3a07fa00 (13 bytes)
1734761691.930243 sending message 112 to peer 0x3a07fa00 (9 bytes)
1734761691.930244 sending message 112 to peer 0x3a07fa00 (16 bytes)
1734761691.930246 sending message 112 to peer 0x3a07fa00 (13 bytes)
1734761691.930247 sending message 112 to peer 0x3a07fa00 (9 bytes)
1734761691.930249 sending message 112 to peer 0x3a07fa00 (9 bytes)
1734761691.930250 sending message 112 to peer 0x3a07fa00 (12 bytes)
1734761691.930252 sending message 112 to peer 0x3a07fa00 (8 bytes)
1734761691.930253 sending message 112 to peer 0x3a07fa00 (8 bytes)
1734761691.930255 sending message 112 to peer 0x3a07fa00 (13 bytes)
1734761691.930257 sending message 112 to peer 0x3a07fa00 (7 bytes)
1734761691.930258 sending message 112 to peer 0x3a07fa00 (7 bytes)
1734761691.930260 sending message 112 to peer 0x3a07fa00 (9 bytes)
1734761691.930261 sending message 112 to peer 0x3a07fa00 (6 bytes)
1734761691.930263 sending message 112 to peer 0x3a07fa00 (9 bytes)
1734761691.930264 sending message 112 to peer 0x3a07fa00 (15 bytes)
1734761691.930266 sending message 112 to peer 0x3a07fa00 (13 bytes)
1734761691.930267 sending message 112 to peer 0x3a07fa00 (12 bytes)
1734761691.930269 sending message 112 to peer 0x3a07fa00 (8 bytes)
1734761691.930271 sending message 112 to peer 0x3a07fa00 (14 bytes)
1734761691.930272 sending message 112 to peer 0x3a07fa00 (11 bytes)
1734761691.930274 sending message 112 to peer 0x3a07fa00 (9 bytes)
1734761691.930275 sending message 112 to peer 0x3a07fa00 (10 bytes)
1734761691.930277 sending message 112 to peer 0x3a07fa00 (10 bytes)
1734761691.930278 sending message 112 to peer 0x3a07fa00 (10 bytes)
1734761691.930280 sending message 112 to peer 0x3a07fa00 (10 bytes)
1734761691.930281 sending message 112 to peer 0x3a07fa00 (11 bytes)
1734761691.930287 sending message 112 to peer 0x3a07fa00 (12 bytes)
1734761691.930288 sending message 112 to peer 0x3a07fa00 (12 bytes)
1734761691.930290 sending message 112 to peer 0x3a07fa00 (12 bytes)
1734761691.930292 sending message 112 to peer 0x3a07fa00 (12 bytes)
1734761691.930293 sending message 112 to peer 0x3a07fa00 (12 bytes)
1734761691.930295 sending message 112 to peer 0x3a07fa00 (11 bytes)
1734761691.930296 sending message 112 to peer 0x3a07fa00 (11 bytes)
1734761691.930298 sending message 112 to peer 0x3a07fa00 (12 bytes)
1734761691.930299 sending message 112 to peer 0x3a07fa00 (12 bytes)
1734761691.930301 sending message 112 to peer 0x3a07fa00 (12 bytes)
1734761691.930303 sending message 112 to peer 0x3a07fa00 (12 bytes)
1734761691.930304 sending message 112 to peer 0x3a07fa00 (12 bytes)
1734761691.930306 sending message 112 to peer 0x3a07fa00 (9 bytes)
1734761691.930307 sending message 112 to peer 0x3a07fa00 (12 bytes)
1734761691.930309 sending message 112 to peer 0x3a07fa00 (13 bytes)
1734761691.930310 sending message 112 to peer 0x3a07fa00 (13 bytes)
1734761691.930312 sending message 112 to peer 0x3a07fa00 (13 bytes)
1734761691.930313 sending message 112 to peer 0x3a07fa00 (13 bytes)
1734761691.930315 sending message 112 to peer 0x3a07fa00 (13 bytes)
1734761691.930316 sending message 112 to peer 0x3a07fa00 (8 bytes)
1734761691.930318 sending message 112 to peer 0x3a07fa00 (11 bytes)
1734761691.930320 sending message 112 to peer 0x3a07fa00 (11 bytes)
1734761691.930321 sending message 112 to peer 0x3a07fa00 (11 bytes)
1734761691.930323 sending message 112 to peer 0x3a07fa00 (12 bytes)
1734761691.930324 sending message 112 to peer 0x3a07fa00 (12 bytes)
1734761691.930326 sending message 112 to peer 0x3a07fa00 (12 bytes)
1734761691.930327 sending message 112 to peer 0x3a07fa00 (12 bytes)
1734761691.930329 sending message 112 to peer 0x3a07fa00 (13 bytes)
1734761691.930331 sending message 112 to peer 0x3a07fa00 (13 bytes)
1734761691.930332 sending message 112 to peer 0x3a07fa00 (13 bytes)
1734761691.930334 sending message 112 to peer 0x3a07fa00 (8 bytes)
1734761691.930335 sending message 112 to peer 0x3a07fa00 (13 bytes)
1734761691.930337 sending message 112 to peer 0x3a07fa00 (13 bytes)
1734761691.930338 sending message 112 to peer 0x3a07fa00 (13 bytes)
1734761691.930340 sending message 112 to peer 0x3a07fa00 (13 bytes)
1734761691.930341 sending message 112 to peer 0x3a07fa00 (13 bytes)
1734761691.930343 sending message 112 to peer 0x3a07fa00 (12 bytes)
1734761691.930345 sending message 112 to peer 0x3a07fa00 (12 bytes)
1734761691.930346 sending message 112 to peer 0x3a07fa00 (12 bytes)
1734761691.930348 sending message 112 to peer 0x3a07fa00 (12 bytes)
1734761691.930349 sending message 112 to peer 0x3a07fa00 (13 bytes)
1734761691.930351 sending message 112 to peer 0x3a07fa00 (8 bytes)
1734761691.930352 sending message 112 to peer 0x3a07fa00 (13 bytes)
1734761691.930354 sending message 112 to peer 0x3a07fa00 (13 bytes)
1734761691.930355 sending message 112 to peer 0x3a07fa00 (13 bytes)
1734761691.930357 sending message 112 to peer 0x3a07fa00 (13 bytes)
1734761691.930359 sending message 112 to peer 0x3a07fa00 (13 bytes)
1734761691.930360 sending message 112 to peer 0x3a07fa00 (13 bytes)
1734761691.930362 sending message 112 to peer 0x3a07fa00 (13 bytes)
1734761691.930363 sending message 112 to peer 0x3a07fa00 (12 bytes)
1734761691.930365 sending message 112 to peer 0x3a07fa00 (12 bytes)
1734761691.930366 sending message 112 to peer 0x3a07fa00 (12 bytes)
1734761691.930368 sending message 112 to peer 0x3a07fa00 (8 bytes)
1734761691.930369 sending message 112 to peer 0x3a07fa00 (12 bytes)
1734761691.930371 sending message 112 to peer 0x3a07fa00 (13 bytes)
1734761691.930372 sending message 112 to peer 0x3a07fa00 (13 bytes)
1734761691.930374 sending message 112 to peer 0x3a07fa00 (13 bytes)
1734761691.930376 sending message 112 to peer 0x3a07fa00 (13 bytes)
1734761691.930377 sending message 112 to peer 0x3a07fa00 (13 bytes)
1734761691.930379 sending message 112 to peer 0x3a07fa00 (13 bytes)
1734761691.930380 sending message 112 to peer 0x3a07fa00 (13 bytes)
1734761691.930384 sending message 112 to peer 0x3a07fa00 (13 bytes)
1734761691.930386 sending message 112 to peer 0x3a07fa00 (12 bytes)
1734761691.930387 sending message 112 to peer 0x3a07fa00 (10 bytes)
1734761691.930389 sending message 112 to peer 0x3a07fa00 (12 bytes)
1734761691.930390 sending message 112 to peer 0x3a07fa00 (12 bytes)
1734761691.930392 sending message 112 to peer 0x3a07fa00 (12 bytes)
1734761691.930393 sending message 112 to peer 0x3a07fa00 (13 bytes)
1734761691.930395 sending message 112 to peer 0x3a07fa00 (13 bytes)
1734761691.930397 sending message 112 to peer 0x3a07fa00 (13 bytes)
1734761691.930398 sending message 112 to peer 0x3a07fa00 (13 bytes)
1734761691.930400 sending message 112 to peer 0x3a07fa00 (13 bytes)
1734761691.930401 sending message 112 to peer 0x3a07fa00 (13 bytes)
1734761691.930403 sending message 112 to peer 0x3a07fa00 (13 bytes)
1734761691.930404 sending message 112 to peer 0x3a07fa00 (10 bytes)
1734761691.930406 sending message 112 to peer 0x3a07fa00 (13 bytes)
1734761691.930407 sending message 112 to peer 0x3a07fa00 (12 bytes)
1734761691.930409 sending message 112 to peer 0x3a07fa00 (12 bytes)
1734761691.930410 sending message 112 to peer 0x3a07fa00 (12 bytes)
1734761691.930412 sending message 112 to peer 0x3a07fa00 (10 bytes)
1734761691.930414 sending message 112 to peer 0x3a07fa00 (10 bytes)
1734761691.930415 sending message 112 to peer 0x3a07fa00 (10 bytes)
1734761691.930417 sending message 112 to peer 0x3a07fa00 (12 bytes)
1734761691.930418 sending message 112 to peer 0x3a07fa00 (13 bytes)
1734761691.930420 sending message 112 to peer 0x3a07fa00 (13 bytes)
1734761691.930421 sending message 112 to peer 0x3a07fa00 (13 bytes)
1734761691.930423 sending message 112 to peer 0x3a07fa00 (13 bytes)
1734761691.930424 sending message 112 to peer 0x3a07fa00 (13 bytes)
1734761691.930426 sending message 112 to peer 0x3a07fa00 (10 bytes)
1734761691.930428 sending message 112 to peer 0x3a07fa00 (11 bytes)
1734761691.930429 sending message 112 to peer 0x3a07fa00 (12 bytes)
1734761691.930431 sending message 112 to peer 0x3a07fa00 (12 bytes)
1734761691.930432 sending message 112 to peer 0x3a07fa00 (12 bytes)
1734761691.930434 sending message 112 to peer 0x3a07fa00 (12 bytes)
1734761691.930435 sending message 112 to peer 0x3a07fa00 (12 bytes)
1734761691.930437 sending message 112 to peer 0x3a07fa00 (11 bytes)
1734761691.930438 sending message 112 to peer 0x3a07fa00 (12 bytes)
1734761691.930440 sending message 112 to peer 0x3a07fa00 (12 bytes)
1734761691.930442 sending message 112 to peer 0x3a07fa00 (13 bytes)
1734761691.930443 sending message 112 to peer 0x3a07fa00 (13 bytes)
1734761691.930445 sending message 112 to peer 0x3a07fa00 (13 bytes)
1734761691.930446 sending message 112 to peer 0x3a07fa00 (13 bytes)
1734761691.930448 sending message 112 to peer 0x3a07fa00 (13 bytes)
1734761691.930449 sending message 112 to peer 0x3a07fa00 (10 bytes)
1734761691.930451 sending message 112 to peer 0x3a07fa00 (9 bytes)
1734761691.930452 sending message 112 to peer 0x3a07fa00 (12 bytes)
1734761691.930454 sending message 112 to peer 0x3a07fa00 (13 bytes)
1734761691.930456 sending message 112 to peer 0x3a07fa00 (13 bytes)
1734761691.930457 sending message 112 to peer 0x3a07fa00 (13 bytes)
1734761691.930459 sending message 112 to peer 0x3a07fa00 (13 bytes)
1734761691.930460 sending message 112 to peer 0x3a07fa00 (13 bytes)
1734761691.930462 sending message 112 to peer 0x3a07fa00 (9 bytes)
1734761691.930463 sending message 112 to peer 0x3a07fa00 (12 bytes)
1734761691.930465 sending message 112 to peer 0x3a07fa00 (13 bytes)
1734761691.930466 sending message 112 to peer 0x3a07fa00 (13 bytes)
1734761691.930468 sending message 112 to peer 0x3a07fa00 (13 bytes)
1734761691.930470 sending message 112 to peer 0x3a07fa00 (13 bytes)
1734761691.930471 sending message 112 to peer 0x3a07fa00 (13 bytes)
1734761691.930473 sending message 112 to peer 0x3a07fa00 (11 bytes)
1734761691.930474 sending message 112 to peer 0x3a07fa00 (12 bytes)
1734761691.930476 sending message 112 to peer 0x3a07fa00 (13 bytes)
1734761691.930479 sending message 112 to peer 0x3a07fa00 (13 bytes)
1734761691.930481 sending message 112 to peer 0x3a07fa00 (13 bytes)
1734761691.930483 sending message 112 to peer 0x3a07fa00 (13 bytes)
1734761691.930484 sending message 112 to peer 0x3a07fa00 (13 bytes)
1734761691.930486 sending message 112 to peer 0x3a07fa00 (11 bytes)
1734761691.930487 sending message 112 to peer 0x3a07fa00 (12 bytes)
1734761691.930489 sending message 112 to peer 0x3a07fa00 (12 bytes)
1734761691.930490 sending message 112 to peer 0x3a07fa00 (12 bytes)
1734761691.930492 sending message 112 to peer 0x3a07fa00 (12 bytes)
1734761691.930493 sending message 112 to peer 0x3a07fa00 (12 bytes)
1734761691.930495 sending message 112 to peer 0x3a07fa00 (21 bytes)
1734761691.930497 sending message 112 to peer 0x3a07fa00 (12 bytes)
1734761691.930498 sending message 112 to peer 0x3a07fa00 (9 bytes)
1734761691.930500 sending message 112 to peer 0x3a07fa00 (6 bytes)
1734761691.930501 sending message 112 to peer 0x3a07fa00 (13 bytes)
1734761691.930503 sending message 112 to peer 0x3a07fa00 (10 bytes)
1734761691.930505 sending message 112 to peer 0x3a07fa00 (24 bytes)
1734761691.930506 sending message 112 to peer 0x3a07fa00 (13 bytes)
1734761691.930508 sending message 112 to peer 0x3a07fa00 (9 bytes)
1734761691.930509 sending message 112 to peer 0x3a07fa00 (70 bytes)
1734761691.930511 sending message 112 to peer 0x3a07fa00 (69 bytes)
1734761691.930513 sending message 112 to peer 0x3a07fa00 (12 bytes)
1734761691.930514 sending message 112 to peer 0x3a07fa00 (10 bytes)
1734761691.930516 sending message 112 to peer 0x3a07fa00 (10 bytes)
1734761691.930517 sending message 112 to peer 0x3a07fa00 (24 bytes)
1734761691.930519 sending message 112 to peer 0x3a07fa00 (13 bytes)
1734761691.930521 sending message 112 to peer 0x3a07fa00 (10 bytes)
1734761691.930522 sending message 112 to peer 0x3a07fa00 (10 bytes)
1734761691.930524 sending message 112 to peer 0x3a07fa00 (17 bytes)
1734761691.930525 sending message 112 to peer 0x3a07fa00 (10 bytes)
1734761691.930527 sending message 112 to peer 0x3a07fa00 (13 bytes)
1734761691.930528 sending message 112 to peer 0x3a07fa00 (32 bytes)
1734761691.930530 sending message 112 to peer 0x3a07fa00 (9 bytes)
1734761691.930532 sending message 112 to peer 0x3a07fa00 (15 bytes)
1734761691.930533 sending message 112 to peer 0x3a07fa00 (5 bytes)
1734761691.930535 sending message 104 to peer 0x3a07fa00 (0 bytes)
1734761691.930537 sending message 110 to peer 0x3a07fa00 (0 bytes)
1734761691.930539 sending message 107 to peer 0x3a07fa00 (4 bytes)
1734761691.930541 sending message 105 to peer 0x3a07fa00 (38 bytes)
1734761691.930542 sending message 105 to peer 0x3a07fa00 (62 bytes)
1734761691.930544 sending message 105 to peer 0x3a07fa00 (35 bytes)
1734761691.930546 sending message 105 to peer 0x3a07fa00 (50 bytes)
1734761691.930547 sending message 105 to peer 0x3a07fa00 (18 bytes)
1734761691.930549 sending message 105 to peer 0x3a07fa00 (47 bytes)
1734761691.930551 sending message 105 to peer 0x3a07fa00 (20 bytes)
1734761691.930552 sending message 105 to peer 0x3a07fa00 (79 bytes)
1734761691.930554 sending message 105 to peer 0x3a07fa00 (54 bytes)
1734761691.930561 sending message 105 to peer 0x3a07fa00 (25 bytes)
1734761691.930564 sending message 105 to peer 0x3a07fa00 (11 bytes)
1734761691.930566 sending message 105 to peer 0x3a07fa00 (12 bytes)
1734761691.930568 sending message 105 to peer 0x3a07fa00 (73 bytes)
1734761691.930569 sending message 105 to peer 0x3a07fa00 (95 bytes)
1734761691.930571 sending message 105 to peer 0x3a07fa00 (37 bytes)
1734761691.930572 sending message 105 to peer 0x3a07fa00 (14 bytes)
1734761691.930574 sending message 105 to peer 0x3a07fa00 (696 bytes)
1734761691.930576 sending message 105 to peer 0x3a07fa00 (64 bytes)
1734761691.930578 sending message 105 to peer 0x3a07fa00 (17 bytes)
1734761691.930579 sending message 105 to peer 0x3a07fa00 (19 bytes)
1734761691.930581 sending message 105 to peer 0x3a07fa00 (51 bytes)
1734761691.930583 sending message 105 to peer 0x3a07fa00 (90 bytes)
1734761691.930586 sending message 105 to peer 0x3a07fa00 (419 bytes)
1734761691.930588 sending message 105 to peer 0x3a07fa00 (45 bytes)
1734761691.930590 sending message 105 to peer 0x3a07fa00 (17 bytes)
1734761691.930591 sending message 105 to peer 0x3a07fa00 (72 bytes)
1734761691.930593 sending message 105 to peer 0x3a07fa00 (87 bytes)
1734761691.930595 sending message 105 to peer 0x3a07fa00 (218 bytes)
1734761691.930596 sending message 105 to peer 0x3a07fa00 (64 bytes)
1734761691.930598 sending message 105 to peer 0x3a07fa00 (112 bytes)
1734761691.930599 sending message 105 to peer 0x3a07fa00 (14 bytes)
1734761691.930601 sending message 105 to peer 0x3a07fa00 (1905 bytes)
1734761691.930609 sending message 105 to peer 0x3a07fa00 (23 bytes)
1734761691.930611 sending message 105 to peer 0x3a07fa00 (21 bytes)
1734761691.930613 sending message 105 to peer 0x3a07fa00 (17 bytes)
1734761691.930614 sending message 105 to peer 0x3a07fa00 (43 bytes)
1734761691.930616 sending message 105 to peer 0x3a07fa00 (53 bytes)
1734761691.930618 sending message 105 to peer 0x3a07fa00 (60 bytes)
1734761691.930619 sending message 105 to peer 0x3a07fa00 (110 bytes)
1734761691.930621 sending message 105 to peer 0x3a07fa00 (170 bytes)
1734761691.930623 sending message 105 to peer 0x3a07fa00 (58 bytes)
1734761691.930624 sending message 105 to peer 0x3a07fa00 (83 bytes)
1734761691.930626 sending message 105 to peer 0x3a07fa00 (15 bytes)
1734761691.930627 sending message 105 to peer 0x3a07fa00 (42 bytes)
1734761691.930629 sending message 105 to peer 0x3a07fa00 (11 bytes)
1734761691.930630 sending message 105 to peer 0x3a07fa00 (426 bytes)
1734761691.930632 sending message 105 to peer 0x3a07fa00 (39 bytes)
1734761691.930634 sending message 105 to peer 0x3a07fa00 (304 bytes)
1734761691.930635 sending message 105 to peer 0x3a07fa00 (37 bytes)
1734761691.930637 sending message 105 to peer 0x3a07fa00 (8 bytes)
1734761691.930639 sending message 105 to peer 0x3a07fa00 (103 bytes)
1734761691.930640 sending message 105 to peer 0x3a07fa00 (13 bytes)
1734761691.930642 sending message 105 to peer 0x3a07fa00 (39 bytes)
1734761691.930643 sending message 105 to peer 0x3a07fa00 (38 bytes)
1734761691.930645 sending message 105 to peer 0x3a07fa00 (19 bytes)
1734761691.930647 sending message 105 to peer 0x3a07fa00 (76 bytes)
1734761691.930648 sending message 105 to peer 0x3a07fa00 (15 bytes)
1734761691.930650 sending message 105 to peer 0x3a07fa00 (261 bytes)
1734761691.930651 sending message 105 to peer 0x3a07fa00 (18 bytes)
1734761691.930653 sending message 105 to peer 0x3a07fa00 (26 bytes)
1734761691.930655 sending message 105 to peer 0x3a07fa00 (45 bytes)
1734761691.930656 sending message 105 to peer 0x3a07fa00 (13 bytes)
1734761691.930658 sending message 105 to peer 0x3a07fa00 (27 bytes)
1734761691.930660 sending message 105 to peer 0x3a07fa00 (20 bytes)
1734761691.930661 sending message 105 to peer 0x3a07fa00 (11 bytes)
1734761691.930663 sending message 105 to peer 0x3a07fa00 (12 bytes)
1734761691.930664 sending message 105 to peer 0x3a07fa00 (26 bytes)
1734761691.930666 sending message 105 to peer 0x3a07fa00 (24 bytes)
1734761691.930667 sending message 105 to peer 0x3a07fa00 (570 bytes)
1734761691.930669 sending message 105 to peer 0x3a07fa00 (16 bytes)
1734761691.930671 sending message 105 to peer 0x3a07fa00 (36 bytes)
1734761691.930672 sending message 105 to peer 0x3a07fa00 (20 bytes)
1734761691.930674 sending message 105 to peer 0x3a07fa00 (230 bytes)
1734761691.930676 sending message 105 to peer 0x3a07fa00 (29 bytes)
1734761691.930677 sending message 105 to peer 0x3a07fa00 (266 bytes)
1734761691.930679 sending message 105 to peer 0x3a07fa00 (31 bytes)
1734761691.930680 sending message 105 to peer 0x3a07fa00 (15 bytes)
1734761691.930682 sending message 105 to peer 0x3a07fa00 (52 bytes)
1734761691.930684 sending message 105 to peer 0x3a07fa00 (23 bytes)
1734761691.930685 sending message 105 to peer 0x3a07fa00 (29 bytes)
1734761691.930687 sending message 105 to peer 0x3a07fa00 (17 bytes)
1734761691.930688 sending message 105 to peer 0x3a07fa00 (58 bytes)
1734761691.930692 sending message 105 to peer 0x3a07fa00 (25 bytes)
1734761691.930694 sending message 105 to peer 0x3a07fa00 (11 bytes)
1734761691.930695 sending message 105 to peer 0x3a07fa00 (36 bytes)
1734761691.930697 sending message 105 to peer 0x3a07fa00 (30 bytes)
1734761691.930699 sending message 105 to peer 0x3a07fa00 (25 bytes)
1734761691.930700 sending message 105 to peer 0x3a07fa00 (29 bytes)
1734761691.930702 sending message 105 to peer 0x3a07fa00 (31 bytes)
1734761691.930703 sending message 106 to peer 0x3a07fa00 (0 bytes)
1734761691.930736 sending message 200 to peer 0x3a07fa00 (4 bytes)
1734761691.930738 client loop enter
1734761691.931777 peer 0x3a07fa00 message 303
1734761691.931782 open write file 2 -
1734761691.931786 sending message 305 to peer 0x3a07fa00 (8 bytes)
1734761691.931791 write check file 2
1734761691.931844 peer 0x3a07fa00 message 304
1734761691.931846 write 58 to file 2
1734761691.931848 peer 0x3a07fa00 message 203
1734761691.931850 file 2 58 bytes left
1734761691.931856 write check file 2
1734761691.931859 client loop exit
